# JRE version: Java(TM) SE Runtime Environment (8.0_181-b13) (build 1.8.0_181-b13)
# Java VM: Java HotSpot(TM) 64-Bit Server VM (25.181-b13 mixed mode windows-amd64 compressed oops)
Heap:
 PSYoungGen      total 503808K, used 208083K [0x000000076b180000, 0x0000000794080000, 0x00000007c0000000)
  eden space 480768K, 38% used [0x000000076b180000,0x000000077686f738,0x0000000788700000)
  from space 23040K, 90% used [0x0000000788700000,0x0000000789b458b0,0x0000000789d80000)
  to   space 25088K, 0% used [0x0000000792800000,0x0000000792800000,0x0000000794080000)
 ParOldGen       total 119808K, used 44990K [0x00000006c1400000, 0x00000006c8900000, 0x000000076b180000)
  object space 119808K, 37% used [0x00000006c1400000,0x00000006c3fefb50,0x00000006c8900000)
 Metaspace       used 55495K, capacity 57728K, committed 57984K, reserved 1099776K
  class space    used 7303K, capacity 7710K, committed 7808K, reserved 1048576K
GC Heap History (10 events):
Event: 2.567 GC heap before
{Heap before GC invocations=9 (full 2):
 PSYoungGen      total 223744K, used 14565K [0x000000076b180000, 0x0000000783e00000, 0x00000007c0000000)
  eden space 206336K, 0% used [0x000000076b180000,0x000000076b180000,0x0000000777b00000)
  from space 17408K, 83% used [0x0000000777b00000,0x0000000778939400,0x0000000778c00000)
  to   space 18432K, 0% used [0x0000000782c00000,0x0000000782c00000,0x0000000783e00000)
 ParOldGen       total 82432K, used 10274K [0x00000006c1400000, 0x00000006c6480000, 0x000000076b180000)
  object space 82432K, 12% used [0x00000006c1400000,0x00000006c1e08af0,0x00000006c6480000)
 Metaspace       used 34113K, capacity 35422K, committed 35496K, reserved 1079296K
  class space    used 4568K, capacity 4853K, committed 4864K, reserved 1048576K
Event: 2.604 GC heap after
Heap after GC invocations=9 (full 2):
 PSYoungGen      total 223744K, used 0K [0x000000076b180000, 0x0000000783e00000, 0x00000007c0000000)
  eden space 206336K, 0% used [0x000000076b180000,0x000000076b180000,0x0000000777b00000)
  from space 17408K, 0% used [0x0000000777b00000,0x0000000777b00000,0x0000000778c00000)
  to   space 18432K, 0% used [0x0000000782c00000,0x0000000782c00000,0x0000000783e00000)
 ParOldGen       total 119808K, used 20531K [0x00000006c1400000, 0x00000006c8900000, 0x000000076b180000)
  object space 119808K, 17% used [0x00000006c1400000,0x00000006c280cf58,0x00000006c8900000)
 Metaspace       used 34113K, capacity 35422K, committed 35496K, reserved 1079296K
  class space    used 4568K, capacity 4853K, committed 4864K, reserved 1048576K
}
Event: 3.550 GC heap before
{Heap before GC invocations=10 (full 2):
 PSYoungGen      total 223744K, used 206336K [0x000000076b180000, 0x0000000783e00000, 0x00000007c0000000)
  eden space 206336K, 100% used [0x000000076b180000,0x0000000777b00000,0x0000000777b00000)
  from space 17408K, 0% used [0x0000000777b00000,0x0000000777b00000,0x0000000778c00000)
  to   space 18432K, 0% used [0x0000000782c00000,0x0000000782c00000,0x0000000783e00000)
 ParOldGen       total 119808K, used 20531K [0x00000006c1400000, 0x00000006c8900000, 0x000000076b180000)
  object space 119808K, 17% used [0x00000006c1400000,0x00000006c280cf58,0x00000006c8900000)
 Metaspace       used 39845K, capacity 41500K, committed 41600K, reserved 1085440K
  class space    used 5366K, capacity 5696K, committed 5760K, reserved 1048576K
Event: 3.559 GC heap after
Heap after GC invocations=10 (full 2):
 PSYoungGen      total 361472K, used 12495K [0x000000076b180000, 0x0000000783880000, 0x00000007c0000000)
  eden space 348672K, 0% used [0x000000076b180000,0x000000076b180000,0x0000000780600000)
  from space 12800K, 97% used [0x0000000782c00000,0x0000000783833ce8,0x0000000783880000)
  to   space 18432K, 0% used [0x0000000781480000,0x0000000781480000,0x0000000782680000)
 ParOldGen       total 119808K, used 20539K [0x00000006c1400000, 0x00000006c8900000, 0x000000076b180000)
  object space 119808K, 17% used [0x00000006c1400000,0x00000006c280ef58,0x00000006c8900000)
 Metaspace       used 39845K, capacity 41500K, committed 41600K, reserved 1085440K
  class space    used 5366K, capacity 5696K, committed 5760K, reserved 1048576K
}
Event: 53.683 GC heap before
{Heap before GC invocations=11 (full 2):
 PSYoungGen      total 361472K, used 361167K [0x000000076b180000, 0x0000000783880000, 0x00000007c0000000)
  eden space 348672K, 100% used [0x000000076b180000,0x0000000780600000,0x0000000780600000)
  from space 12800K, 97% used [0x0000000782c00000,0x0000000783833ce8,0x0000000783880000)
  to   space 18432K, 0% used [0x0000000781480000,0x0000000781480000,0x0000000782680000)
 ParOldGen       total 119808K, used 20539K [0x00000006c1400000, 0x00000006c8900000, 0x000000076b180000)
  object space 119808K, 17% used [0x00000006c1400000,0x00000006c280ef58,0x00000006c8900000)
 Metaspace       used 53633K, capacity 55698K, committed 55936K, reserved 1097728K
  class space    used 7117K, capacity 7505K, committed 7552K, reserved 1048576K
Event: 53.708 GC heap after
Heap after GC invocations=11 (full 2):
 PSYoungGen      total 381952K, used 18430K [0x000000076b180000, 0x000000078b500000, 0x00000007c0000000)
  eden space 363520K, 0% used [0x000000076b180000,0x000000076b180000,0x0000000781480000)
  from space 18432K, 99% used [0x0000000781480000,0x000000078267f9d0,0x0000000782680000)
  to   space 24064K, 0% used [0x0000000789d80000,0x0000000789d80000,0x000000078b500000)
 ParOldGen       total 119808K, used 28458K [0x00000006c1400000, 0x00000006c8900000, 0x000000076b180000)
  object space 119808K, 23% used [0x00000006c1400000,0x00000006c2fcaa50,0x00000006c8900000)
 Metaspace       used 53633K, capacity 55698K, committed 55936K, reserved 1097728K
  class space    used 7117K, capacity 7505K, committed 7552K, reserved 1048576K
}
Event: 251.363 GC heap before
{Heap before GC invocations=12 (full 2):
 PSYoungGen      total 381952K, used 381950K [0x000000076b180000, 0x000000078b500000, 0x00000007c0000000)
  eden space 363520K, 100% used [0x000000076b180000,0x0000000781480000,0x0000000781480000)
  from space 18432K, 99% used [0x0000000781480000,0x000000078267f9d0,0x0000000782680000)
  to   space 24064K, 0% used [0x0000000789d80000,0x0000000789d80000,0x000000078b500000)
 ParOldGen       total 119808K, used 28458K [0x00000006c1400000, 0x00000006c8900000, 0x000000076b180000)
  object space 119808K, 23% used [0x00000006c1400000,0x00000006c2fcaa50,0x00000006c8900000)
 Metaspace       used 55310K, capacity 57582K, committed 57728K, reserved 1099776K
  class space    used 7300K, capacity 7707K, committed 7808K, reserved 1048576K
Event: 251.374 GC heap after
Heap after GC invocations=12 (full 2):
 PSYoungGen      total 504832K, used 12924K [0x000000076b180000, 0x000000078b800000, 0x00000007c0000000)
  eden space 480768K, 0% used [0x000000076b180000,0x000000076b180000,0x0000000788700000)
  from space 24064K, 53% used [0x0000000789d80000,0x000000078aa1f1e0,0x000000078b500000)
  to   space 23040K, 0% used [0x0000000788700000,0x0000000788700000,0x0000000789d80000)
 ParOldGen       total 119808K, used 34029K [0x00000006c1400000, 0x00000006c8900000, 0x000000076b180000)
  object space 119808K, 28% used [0x00000006c1400000,0x00000006c353b438,0x00000006c8900000)
 Metaspace       used 55310K, capacity 57582K, committed 57728K, reserved 1099776K
  class space    used 7300K, capacity 7707K, committed 7808K, reserved 1048576K
}
Event: 72959.642 GC heap before
{Heap before GC invocations=13 (full 2):
 PSYoungGen      total 504832K, used 493692K [0x000000076b180000, 0x000000078b800000, 0x00000007c0000000)
  eden space 480768K, 100% used [0x000000076b180000,0x0000000788700000,0x0000000788700000)
  from space 24064K, 53% used [0x0000000789d80000,0x000000078aa1f1e0,0x000000078b500000)
  to   space 23040K, 0% used [0x0000000788700000,0x0000000788700000,0x0000000789d80000)
 ParOldGen       total 119808K, used 34029K [0x00000006c1400000, 0x00000006c8900000, 0x000000076b180000)
  object space 119808K, 28% used [0x00000006c1400000,0x00000006c353b438,0x00000006c8900000)
 Metaspace       used 55327K, capacity 57600K, committed 57728K, reserved 1099776K
  class space    used 7302K, capacity 7710K, committed 7808K, reserved 1048576K
Event: 72959.727 GC heap after
Heap after GC invocations=13 (full 2):
 PSYoungGen      total 503808K, used 20758K [0x000000076b180000, 0x0000000794080000, 0x00000007c0000000)
  eden space 480768K, 0% used [0x000000076b180000,0x000000076b180000,0x0000000788700000)
  from space 23040K, 90% used [0x0000000788700000,0x0000000789b458b0,0x0000000789d80000)
  to   space 25088K, 0% used [0x0000000792800000,0x0000000792800000,0x0000000794080000)
 ParOldGen       total 119808K, used 44990K [0x00000006c1400000, 0x00000006c8900000, 0x000000076b180000)
  object space 119808K, 37% used [0x00000006c1400000,0x00000006c3fefb50,0x00000006c8900000)
 Metaspace       used 55327K, capacity 57600K, committed 57728K, reserved 1099776K
  class space    used 7302K, capacity 7710K, committed 7808K, reserved 1048576K
}

